<?xml version="1.0" encoding="UTF-8"?>
<testng-results skipped="0" failed="0" ignored="0" total="1" passed="1">
  <reporter-output>
  </reporter-output>
  <suite name="Default suite" duration-ms="17686" started-at="2017-12-12T20:46:58Z" finished-at="2017-12-12T20:47:16Z">
    <groups>
    </groups>
    <test name="Default test" duration-ms="17686" started-at="2017-12-12T20:46:58Z" finished-at="2017-12-12T20:47:16Z">
      <class name="goibibo.com.testcases.LoginTest">
        <test-method status="PASS" signature="IbibologinTest()[pri:0, instance:goibibo.com.testcases.LoginTest@1f32bf7]" name="IbibologinTest" duration-ms="17448" started-at="2017-12-13T02:16:58Z" finished-at="2017-12-13T02:17:16Z">
          <reporter-output>
          </reporter-output>
        </test-method> <!-- IbibologinTest -->
        <test-method status="PASS" signature="quit()[pri:0, instance:goibibo.com.testcases.LoginTest@1f32bf7]" name="quit" is-config="true" duration-ms="212" started-at="2017-12-13T02:17:16Z" finished-at="2017-12-13T02:17:16Z">
          <reporter-output>
          </reporter-output>
        </test-method> <!-- quit -->
      </class> <!-- goibibo.com.testcases.LoginTest -->
    </test> <!-- Default test -->
  </suite> <!-- Default suite -->
</testng-results>
